2019-04-25 21:02:42,846 - INFO - allennlp.common.params - evaluate_on_test = False
2019-04-25 21:02:42,846 - INFO - allennlp.common.from_params - instantiating class <class 'allennlp.data.dataset_readers.dataset_reader.DatasetReader'> from params {'token_indexers': {'tokens': {'pretrained_model': 'bert-base-uncased', 'type': 'bert-pretrained'}}, 'type': 'sst_tokens'} and extras set()
2019-04-25 21:02:42,846 - INFO - allennlp.common.params - dataset_reader.type = sst_tokens
2019-04-25 21:02:42,846 - INFO - allennlp.common.from_params - instantiating class <class 'allennlp.data.dataset_readers.stanford_sentiment_tree_bank.StanfordSentimentTreeBankDatasetReader'> from params {'token_indexers': {'tokens': {'pretrained_model': 'bert-base-uncased', 'type': 'bert-pretrained'}}} and extras set()
2019-04-25 21:02:42,847 - INFO - allennlp.common.from_params - instantiating class allennlp.data.token_indexers.token_indexer.TokenIndexer from params {'pretrained_model': 'bert-base-uncased', 'type': 'bert-pretrained'} and extras set()
2019-04-25 21:02:42,847 - INFO - allennlp.common.params - dataset_reader.token_indexers.tokens.type = bert-pretrained
2019-04-25 21:02:42,847 - INFO - allennlp.common.from_params - instantiating class allennlp.data.token_indexers.wordpiece_indexer.PretrainedBertIndexer from params {'pretrained_model': 'bert-base-uncased'} and extras set()
2019-04-25 21:02:42,847 - INFO - allennlp.common.params - dataset_reader.token_indexers.tokens.pretrained_model = bert-base-uncased
2019-04-25 21:02:42,847 - INFO - allennlp.common.params - dataset_reader.token_indexers.tokens.use_starting_offsets = False
2019-04-25 21:02:42,847 - INFO - allennlp.common.params - dataset_reader.token_indexers.tokens.do_lowercase = True
2019-04-25 21:02:42,847 - INFO - allennlp.common.params - dataset_reader.token_indexers.tokens.never_lowercase = None
2019-04-25 21:02:42,847 - INFO - allennlp.common.params - dataset_reader.token_indexers.tokens.max_pieces = 512
2019-04-25 21:02:44,169 - INFO - pytorch_pretrained_bert.tokenization - loading vocabulary file https://s3.amazonaws.com/models.huggingface.co/bert/bert-base-uncased-vocab.txt from cache at /home/nesma/.pytorch_pretrained_bert/26bc1ad6c0ac742e9b52263248f6d0f00068293b33709fae12320c0e35ccfbbb.542ce4285a40d23a559526243235df47c5f75c197f04f37d1a0c124c32c9a084
2019-04-25 21:02:44,205 - INFO - allennlp.common.params - dataset_reader.use_subtrees = False
2019-04-25 21:02:44,205 - INFO - allennlp.common.params - dataset_reader.granularity = 5-class
2019-04-25 21:02:44,205 - INFO - allennlp.common.params - dataset_reader.lazy = False
2019-04-25 21:02:44,206 - INFO - allennlp.common.params - validation_dataset_reader = None
2019-04-25 21:02:44,206 - INFO - allennlp.common.params - train_data_path = ../trees/train.txt
2019-04-25 21:02:44,206 - INFO - allennlp.training.util - Reading training data from ../trees/train.txt
2019-04-25 21:02:44,206 - INFO - allennlp.data.dataset_readers.stanford_sentiment_tree_bank - Reading instances from lines in file at: ../trees/train.txt
2019-04-25 21:02:45,941 - INFO - allennlp.common.params - validation_data_path = ../trees/dev.txt
2019-04-25 21:02:45,941 - INFO - allennlp.training.util - Reading validation data from ../trees/dev.txt
2019-04-25 21:02:45,941 - INFO - allennlp.data.dataset_readers.stanford_sentiment_tree_bank - Reading instances from lines in file at: ../trees/dev.txt
2019-04-25 21:02:46,172 - INFO - allennlp.common.params - test_data_path = None
2019-04-25 21:02:46,173 - INFO - allennlp.training.trainer - From dataset instances, train, validation will be considered for vocabulary creation.
2019-04-25 21:02:46,173 - INFO - allennlp.common.params - vocabulary.type = None
2019-04-25 21:02:46,173 - INFO - allennlp.common.params - vocabulary.extend = False
2019-04-25 21:02:46,173 - INFO - allennlp.common.params - vocabulary.directory_path = None
2019-04-25 21:02:46,173 - INFO - allennlp.common.params - vocabulary.min_count = None
2019-04-25 21:02:46,173 - INFO - allennlp.common.params - vocabulary.max_vocab_size = None
2019-04-25 21:02:46,173 - INFO - allennlp.common.params - vocabulary.non_padded_namespaces = ('*tags', '*labels')
2019-04-25 21:02:46,173 - INFO - allennlp.common.params - vocabulary.min_pretrained_embeddings = None
2019-04-25 21:02:46,173 - INFO - allennlp.common.params - vocabulary.only_include_pretrained_words = False
2019-04-25 21:02:46,173 - INFO - allennlp.common.params - vocabulary.tokens_to_add = None
2019-04-25 21:02:46,173 - INFO - allennlp.data.vocabulary - Fitting token dictionary from dataset.
2019-04-25 21:02:46,226 - INFO - allennlp.common.from_params - instantiating class <class 'allennlp.models.model.Model'> from params {'encoder': {'hidden_size': 128, 'input_size': 768, 'type': 'lstm'}, 'type': 'lstm_classifier', 'word_embeddings': {'allow_unmatched_keys': True, 'embedder_to_indexer_map': {'tokens': ['tokens', 'tokens-offsets']}, 'token_embedders': {'tokens': {'pretrained_model': 'bert-base-uncased', 'type': 'bert-pretrained'}}}} and extras {'vocab'}
2019-04-25 21:02:46,226 - INFO - allennlp.common.params - model.type = lstm_classifier
2019-04-25 21:02:46,227 - INFO - allennlp.common.from_params - instantiating class <class 'classifiers.models.lstm_classifier.LstmClassifier'> from params {'encoder': {'hidden_size': 128, 'input_size': 768, 'type': 'lstm'}, 'word_embeddings': {'allow_unmatched_keys': True, 'embedder_to_indexer_map': {'tokens': ['tokens', 'tokens-offsets']}, 'token_embedders': {'tokens': {'pretrained_model': 'bert-base-uncased', 'type': 'bert-pretrained'}}}} and extras {'vocab'}
2019-04-25 21:02:46,227 - INFO - allennlp.common.from_params - instantiating class <class 'allennlp.modules.text_field_embedders.text_field_embedder.TextFieldEmbedder'> from params {'allow_unmatched_keys': True, 'embedder_to_indexer_map': {'tokens': ['tokens', 'tokens-offsets']}, 'token_embedders': {'tokens': {'pretrained_model': 'bert-base-uncased', 'type': 'bert-pretrained'}}} and extras {'vocab'}
2019-04-25 21:02:46,227 - INFO - allennlp.common.params - model.word_embeddings.type = basic
2019-04-25 21:02:46,227 - INFO - allennlp.common.params - model.word_embeddings.allow_unmatched_keys = True
2019-04-25 21:02:46,227 - INFO - allennlp.common.from_params - instantiating class <class 'allennlp.modules.token_embedders.token_embedder.TokenEmbedder'> from params {'pretrained_model': 'bert-base-uncased', 'type': 'bert-pretrained'} and extras {'vocab'}
2019-04-25 21:02:46,227 - INFO - allennlp.common.params - model.word_embeddings.token_embedders.tokens.type = bert-pretrained
2019-04-25 21:02:46,227 - INFO - allennlp.common.from_params - instantiating class <class 'allennlp.modules.token_embedders.bert_token_embedder.PretrainedBertEmbedder'> from params {'pretrained_model': 'bert-base-uncased'} and extras {'vocab'}
2019-04-25 21:02:46,227 - INFO - allennlp.common.params - model.word_embeddings.token_embedders.tokens.pretrained_model = bert-base-uncased
2019-04-25 21:02:46,228 - INFO - allennlp.common.params - model.word_embeddings.token_embedders.tokens.requires_grad = False
2019-04-25 21:02:46,228 - INFO - allennlp.common.params - model.word_embeddings.token_embedders.tokens.top_layer_only = False
2019-04-25 21:02:47,016 - INFO - pytorch_pretrained_bert.modeling - loading archive file https://s3.amazonaws.com/models.huggingface.co/bert/bert-base-uncased.tar.gz from cache at /home/nesma/.pytorch_pretrained_bert/9c41111e2de84547a463fd39217199738d1e3deb72d4fec4399e6e241983c6f0.ae3cef932725ca7a30cdcb93fc6e09150a55e2a130ec7af63975a16c153ae2ba
2019-04-25 21:02:47,017 - INFO - pytorch_pretrained_bert.modeling - extracting archive file /home/nesma/.pytorch_pretrained_bert/9c41111e2de84547a463fd39217199738d1e3deb72d4fec4399e6e241983c6f0.ae3cef932725ca7a30cdcb93fc6e09150a55e2a130ec7af63975a16c153ae2ba to temp dir /tmp/tmprzscg5kk
2019-04-25 21:02:51,635 - INFO - pytorch_pretrained_bert.modeling - Model config {
  "attention_probs_dropout_prob": 0.1,
  "hidden_act": "gelu",
  "hidden_dropout_prob": 0.1,
  "hidden_size": 768,
  "initializer_range": 0.02,
  "intermediate_size": 3072,
  "max_position_embeddings": 512,
  "num_attention_heads": 12,
  "num_hidden_layers": 12,
  "type_vocab_size": 2,
  "vocab_size": 30522
}

2019-04-25 21:02:54,103 - INFO - allennlp.common.from_params - instantiating class <class 'allennlp.modules.seq2vec_encoders.seq2vec_encoder.Seq2VecEncoder'> from params {'hidden_size': 128, 'input_size': 768, 'type': 'lstm'} and extras {'vocab'}
2019-04-25 21:02:54,103 - INFO - allennlp.common.params - model.encoder.type = lstm
2019-04-25 21:02:54,104 - INFO - allennlp.common.params - model.encoder.batch_first = True
2019-04-25 21:02:54,104 - INFO - allennlp.common.params - Converting Params object to dict; logging of default values will not occur when dictionary parameters are used subsequently.
2019-04-25 21:02:54,104 - INFO - allennlp.common.params - CURRENTLY DEFINED PARAMETERS: 
2019-04-25 21:02:54,104 - INFO - allennlp.common.params - model.encoder.hidden_size = 128
2019-04-25 21:02:54,104 - INFO - allennlp.common.params - model.encoder.input_size = 768
2019-04-25 21:02:54,104 - INFO - allennlp.common.params - model.encoder.batch_first = True
2019-04-25 21:02:54,110 - INFO - allennlp.common.params - model.positive_label = 4
2019-04-25 21:02:54,112 - INFO - allennlp.common.from_params - instantiating class <class 'allennlp.data.iterators.data_iterator.DataIterator'> from params {'batch_size': 32, 'sorting_keys': [['tokens', 'num_tokens']], 'type': 'bucket'} and extras set()
2019-04-25 21:02:54,112 - INFO - allennlp.common.params - iterator.type = bucket
2019-04-25 21:02:54,112 - INFO - allennlp.common.from_params - instantiating class <class 'allennlp.data.iterators.bucket_iterator.BucketIterator'> from params {'batch_size': 32, 'sorting_keys': [['tokens', 'num_tokens']]} and extras set()
2019-04-25 21:02:54,113 - INFO - allennlp.common.params - iterator.sorting_keys = [['tokens', 'num_tokens']]
2019-04-25 21:02:54,113 - INFO - allennlp.common.params - iterator.padding_noise = 0.1
2019-04-25 21:02:54,113 - INFO - allennlp.common.params - iterator.biggest_batch_first = False
2019-04-25 21:02:54,113 - INFO - allennlp.common.params - iterator.batch_size = 32
2019-04-25 21:02:54,113 - INFO - allennlp.common.params - iterator.instances_per_epoch = None
2019-04-25 21:02:54,113 - INFO - allennlp.common.params - iterator.max_instances_in_memory = None
2019-04-25 21:02:54,113 - INFO - allennlp.common.params - iterator.cache_instances = False
2019-04-25 21:02:54,113 - INFO - allennlp.common.params - iterator.track_epoch = False
2019-04-25 21:02:54,113 - INFO - allennlp.common.params - iterator.maximum_samples_per_batch = None
2019-04-25 21:02:54,113 - INFO - allennlp.common.params - validation_iterator = None
2019-04-25 21:02:54,113 - INFO - allennlp.common.params - trainer.no_grad = ()
2019-04-25 21:02:54,115 - INFO - allennlp.training.trainer - Following parameters are Frozen  (without gradient):
2019-04-25 21:02:54,115 - INFO - allennlp.training.trainer - word_embeddings.token_embedder_tokens.bert_model.embeddings.word_embeddings.weight
2019-04-25 21:02:54,115 - INFO - allennlp.training.trainer - word_embeddings.token_embedder_tokens.bert_model.embeddings.position_embeddings.weight
2019-04-25 21:02:54,115 - INFO - allennlp.training.trainer - word_embeddings.token_embedder_tokens.bert_model.embeddings.token_type_embeddings.weight
2019-04-25 21:02:54,115 - INFO - allennlp.training.trainer - word_embeddings.token_embedder_tokens.bert_model.embeddings.LayerNorm.weight
2019-04-25 21:02:54,115 - INFO - allennlp.training.trainer - word_embeddings.token_embedder_tokens.bert_model.embeddings.LayerNorm.bias
2019-04-25 21:02:54,115 - INFO - allennlp.training.trainer - word_embeddings.token_embedder_tokens.bert_model.encoder.layer.0.attention.self.query.weight
2019-04-25 21:02:54,116 - INFO - allennlp.training.trainer - word_embeddings.token_embedder_tokens.bert_model.encoder.layer.0.attention.self.query.bias
2019-04-25 21:02:54,116 - INFO - allennlp.training.trainer - word_embeddings.token_embedder_tokens.bert_model.encoder.layer.0.attention.self.key.weight
2019-04-25 21:02:54,116 - INFO - allennlp.training.trainer - word_embeddings.token_embedder_tokens.bert_model.encoder.layer.0.attention.self.key.bias
2019-04-25 21:02:54,116 - INFO - allennlp.training.trainer - word_embeddings.token_embedder_tokens.bert_model.encoder.layer.0.attention.self.value.weight
2019-04-25 21:02:54,116 - INFO - allennlp.training.trainer - word_embeddings.token_embedder_tokens.bert_model.encoder.layer.0.attention.self.value.bias
2019-04-25 21:02:54,116 - INFO - allennlp.training.trainer - word_embeddings.token_embedder_tokens.bert_model.encoder.layer.0.attention.output.dense.weight
2019-04-25 21:02:54,116 - INFO - allennlp.training.trainer - word_embeddings.token_embedder_tokens.bert_model.encoder.layer.0.attention.output.dense.bias
2019-04-25 21:02:54,116 - INFO - allennlp.training.trainer - word_embeddings.token_embedder_tokens.bert_model.encoder.layer.0.attention.output.LayerNorm.weight
2019-04-25 21:02:54,116 - INFO - allennlp.training.trainer - word_embeddings.token_embedder_tokens.bert_model.encoder.layer.0.attention.output.LayerNorm.bias
2019-04-25 21:02:54,116 - INFO - allennlp.training.trainer - word_embeddings.token_embedder_tokens.bert_model.encoder.layer.0.intermediate.dense.weight
2019-04-25 21:02:54,116 - INFO - allennlp.training.trainer - word_embeddings.token_embedder_tokens.bert_model.encoder.layer.0.intermediate.dense.bias
2019-04-25 21:02:54,116 - INFO - allennlp.training.trainer - word_embeddings.token_embedder_tokens.bert_model.encoder.layer.0.output.dense.weight
2019-04-25 21:02:54,116 - INFO - allennlp.training.trainer - word_embeddings.token_embedder_tokens.bert_model.encoder.layer.0.output.dense.bias
2019-04-25 21:02:54,116 - INFO - allennlp.training.trainer - word_embeddings.token_embedder_tokens.bert_model.encoder.layer.0.output.LayerNorm.weight
2019-04-25 21:02:54,116 - INFO - allennlp.training.trainer - word_embeddings.token_embedder_tokens.bert_model.encoder.layer.0.output.LayerNorm.bias
2019-04-25 21:02:54,116 - INFO - allennlp.training.trainer - word_embeddings.token_embedder_tokens.bert_model.encoder.layer.1.attention.self.query.weight
2019-04-25 21:02:54,116 - INFO - allennlp.training.trainer - word_embeddings.token_embedder_tokens.bert_model.encoder.layer.1.attention.self.query.bias
2019-04-25 21:02:54,116 - INFO - allennlp.training.trainer - word_embeddings.token_embedder_tokens.bert_model.encoder.layer.1.attention.self.key.weight
2019-04-25 21:02:54,117 - INFO - allennlp.training.trainer - word_embeddings.token_embedder_tokens.bert_model.encoder.layer.1.attention.self.key.bias
2019-04-25 21:02:54,117 - INFO - allennlp.training.trainer - word_embeddings.token_embedder_tokens.bert_model.encoder.layer.1.attention.self.value.weight
2019-04-25 21:02:54,117 - INFO - allennlp.training.trainer - word_embeddings.token_embedder_tokens.bert_model.encoder.layer.1.attention.self.value.bias
2019-04-25 21:02:54,117 - INFO - allennlp.training.trainer - word_embeddings.token_embedder_tokens.bert_model.encoder.layer.1.attention.output.dense.weight
2019-04-25 21:02:54,117 - INFO - allennlp.training.trainer - word_embeddings.token_embedder_tokens.bert_model.encoder.layer.1.attention.output.dense.bias
2019-04-25 21:02:54,117 - INFO - allennlp.training.trainer - word_embeddings.token_embedder_tokens.bert_model.encoder.layer.1.attention.output.LayerNorm.weight
2019-04-25 21:02:54,117 - INFO - allennlp.training.trainer - word_embeddings.token_embedder_tokens.bert_model.encoder.layer.1.attention.output.LayerNorm.bias
2019-04-25 21:02:54,117 - INFO - allennlp.training.trainer - word_embeddings.token_embedder_tokens.bert_model.encoder.layer.1.intermediate.dense.weight
2019-04-25 21:02:54,117 - INFO - allennlp.training.trainer - word_embeddings.token_embedder_tokens.bert_model.encoder.layer.1.intermediate.dense.bias
2019-04-25 21:02:54,117 - INFO - allennlp.training.trainer - word_embeddings.token_embedder_tokens.bert_model.encoder.layer.1.output.dense.weight
2019-04-25 21:02:54,117 - INFO - allennlp.training.trainer - word_embeddings.token_embedder_tokens.bert_model.encoder.layer.1.output.dense.bias
2019-04-25 21:02:54,117 - INFO - allennlp.training.trainer - word_embeddings.token_embedder_tokens.bert_model.encoder.layer.1.output.LayerNorm.weight
2019-04-25 21:02:54,117 - INFO - allennlp.training.trainer - word_embeddings.token_embedder_tokens.bert_model.encoder.layer.1.output.LayerNorm.bias
2019-04-25 21:02:54,117 - INFO - allennlp.training.trainer - word_embeddings.token_embedder_tokens.bert_model.encoder.layer.2.attention.self.query.weight
2019-04-25 21:02:54,117 - INFO - allennlp.training.trainer - word_embeddings.token_embedder_tokens.bert_model.encoder.layer.2.attention.self.query.bias
2019-04-25 21:02:54,117 - INFO - allennlp.training.trainer - word_embeddings.token_embedder_tokens.bert_model.encoder.layer.2.attention.self.key.weight
2019-04-25 21:02:54,117 - INFO - allennlp.training.trainer - word_embeddings.token_embedder_tokens.bert_model.encoder.layer.2.attention.self.key.bias
2019-04-25 21:02:54,117 - INFO - allennlp.training.trainer - word_embeddings.token_embedder_tokens.bert_model.encoder.layer.2.attention.self.value.weight
2019-04-25 21:02:54,118 - INFO - allennlp.training.trainer - word_embeddings.token_embedder_tokens.bert_model.encoder.layer.2.attention.self.value.bias
2019-04-25 21:02:54,118 - INFO - allennlp.training.trainer - word_embeddings.token_embedder_tokens.bert_model.encoder.layer.2.attention.output.dense.weight
2019-04-25 21:02:54,118 - INFO - allennlp.training.trainer - word_embeddings.token_embedder_tokens.bert_model.encoder.layer.2.attention.output.dense.bias
2019-04-25 21:02:54,118 - INFO - allennlp.training.trainer - word_embeddings.token_embedder_tokens.bert_model.encoder.layer.2.attention.output.LayerNorm.weight
2019-04-25 21:02:54,118 - INFO - allennlp.training.trainer - word_embeddings.token_embedder_tokens.bert_model.encoder.layer.2.attention.output.LayerNorm.bias
2019-04-25 21:02:54,118 - INFO - allennlp.training.trainer - word_embeddings.token_embedder_tokens.bert_model.encoder.layer.2.intermediate.dense.weight
2019-04-25 21:02:54,118 - INFO - allennlp.training.trainer - word_embeddings.token_embedder_tokens.bert_model.encoder.layer.2.intermediate.dense.bias
2019-04-25 21:02:54,118 - INFO - allennlp.training.trainer - word_embeddings.token_embedder_tokens.bert_model.encoder.layer.2.output.dense.weight
2019-04-25 21:02:54,118 - INFO - allennlp.training.trainer - word_embeddings.token_embedder_tokens.bert_model.encoder.layer.2.output.dense.bias
2019-04-25 21:02:54,118 - INFO - allennlp.training.trainer - word_embeddings.token_embedder_tokens.bert_model.encoder.layer.2.output.LayerNorm.weight
2019-04-25 21:02:54,118 - INFO - allennlp.training.trainer - word_embeddings.token_embedder_tokens.bert_model.encoder.layer.2.output.LayerNorm.bias
2019-04-25 21:02:54,118 - INFO - allennlp.training.trainer - word_embeddings.token_embedder_tokens.bert_model.encoder.layer.3.attention.self.query.weight
2019-04-25 21:02:54,118 - INFO - allennlp.training.trainer - word_embeddings.token_embedder_tokens.bert_model.encoder.layer.3.attention.self.query.bias
2019-04-25 21:02:54,118 - INFO - allennlp.training.trainer - word_embeddings.token_embedder_tokens.bert_model.encoder.layer.3.attention.self.key.weight
2019-04-25 21:02:54,119 - INFO - allennlp.training.trainer - word_embeddings.token_embedder_tokens.bert_model.encoder.layer.3.attention.self.key.bias
2019-04-25 21:02:54,119 - INFO - allennlp.training.trainer - word_embeddings.token_embedder_tokens.bert_model.encoder.layer.3.attention.self.value.weight
2019-04-25 21:02:54,119 - INFO - allennlp.training.trainer - word_embeddings.token_embedder_tokens.bert_model.encoder.layer.3.attention.self.value.bias
2019-04-25 21:02:54,119 - INFO - allennlp.training.trainer - word_embeddings.token_embedder_tokens.bert_model.encoder.layer.3.attention.output.dense.weight
2019-04-25 21:02:54,119 - INFO - allennlp.training.trainer - word_embeddings.token_embedder_tokens.bert_model.encoder.layer.3.attention.output.dense.bias
2019-04-25 21:02:54,119 - INFO - allennlp.training.trainer - word_embeddings.token_embedder_tokens.bert_model.encoder.layer.3.attention.output.LayerNorm.weight
2019-04-25 21:02:54,119 - INFO - allennlp.training.trainer - word_embeddings.token_embedder_tokens.bert_model.encoder.layer.3.attention.output.LayerNorm.bias
2019-04-25 21:02:54,120 - INFO - allennlp.training.trainer - word_embeddings.token_embedder_tokens.bert_model.encoder.layer.3.intermediate.dense.weight
2019-04-25 21:02:54,120 - INFO - allennlp.training.trainer - word_embeddings.token_embedder_tokens.bert_model.encoder.layer.3.intermediate.dense.bias
2019-04-25 21:02:54,120 - INFO - allennlp.training.trainer - word_embeddings.token_embedder_tokens.bert_model.encoder.layer.3.output.dense.weight
2019-04-25 21:02:54,120 - INFO - allennlp.training.trainer - word_embeddings.token_embedder_tokens.bert_model.encoder.layer.3.output.dense.bias
2019-04-25 21:02:54,120 - INFO - allennlp.training.trainer - word_embeddings.token_embedder_tokens.bert_model.encoder.layer.3.output.LayerNorm.weight
2019-04-25 21:02:54,120 - INFO - allennlp.training.trainer - word_embeddings.token_embedder_tokens.bert_model.encoder.layer.3.output.LayerNorm.bias
2019-04-25 21:02:54,120 - INFO - allennlp.training.trainer - word_embeddings.token_embedder_tokens.bert_model.encoder.layer.4.attention.self.query.weight
2019-04-25 21:02:54,120 - INFO - allennlp.training.trainer - word_embeddings.token_embedder_tokens.bert_model.encoder.layer.4.attention.self.query.bias
2019-04-25 21:02:54,120 - INFO - allennlp.training.trainer - word_embeddings.token_embedder_tokens.bert_model.encoder.layer.4.attention.self.key.weight
2019-04-25 21:02:54,120 - INFO - allennlp.training.trainer - word_embeddings.token_embedder_tokens.bert_model.encoder.layer.4.attention.self.key.bias
2019-04-25 21:02:54,120 - INFO - allennlp.training.trainer - word_embeddings.token_embedder_tokens.bert_model.encoder.layer.4.attention.self.value.weight
2019-04-25 21:02:54,120 - INFO - allennlp.training.trainer - word_embeddings.token_embedder_tokens.bert_model.encoder.layer.4.attention.self.value.bias
2019-04-25 21:02:54,121 - INFO - allennlp.training.trainer - word_embeddings.token_embedder_tokens.bert_model.encoder.layer.4.attention.output.dense.weight
2019-04-25 21:02:54,121 - INFO - allennlp.training.trainer - word_embeddings.token_embedder_tokens.bert_model.encoder.layer.4.attention.output.dense.bias
2019-04-25 21:02:54,121 - INFO - allennlp.training.trainer - word_embeddings.token_embedder_tokens.bert_model.encoder.layer.4.attention.output.LayerNorm.weight
2019-04-25 21:02:54,121 - INFO - allennlp.training.trainer - word_embeddings.token_embedder_tokens.bert_model.encoder.layer.4.attention.output.LayerNorm.bias
2019-04-25 21:02:54,121 - INFO - allennlp.training.trainer - word_embeddings.token_embedder_tokens.bert_model.encoder.layer.4.intermediate.dense.weight
2019-04-25 21:02:54,121 - INFO - allennlp.training.trainer - word_embeddings.token_embedder_tokens.bert_model.encoder.layer.4.intermediate.dense.bias
2019-04-25 21:02:54,121 - INFO - allennlp.training.trainer - word_embeddings.token_embedder_tokens.bert_model.encoder.layer.4.output.dense.weight
2019-04-25 21:02:54,121 - INFO - allennlp.training.trainer - word_embeddings.token_embedder_tokens.bert_model.encoder.layer.4.output.dense.bias
2019-04-25 21:02:54,121 - INFO - allennlp.training.trainer - word_embeddings.token_embedder_tokens.bert_model.encoder.layer.4.output.LayerNorm.weight
2019-04-25 21:02:54,121 - INFO - allennlp.training.trainer - word_embeddings.token_embedder_tokens.bert_model.encoder.layer.4.output.LayerNorm.bias
2019-04-25 21:02:54,121 - INFO - allennlp.training.trainer - word_embeddings.token_embedder_tokens.bert_model.encoder.layer.5.attention.self.query.weight
2019-04-25 21:02:54,121 - INFO - allennlp.training.trainer - word_embeddings.token_embedder_tokens.bert_model.encoder.layer.5.attention.self.query.bias
2019-04-25 21:02:54,121 - INFO - allennlp.training.trainer - word_embeddings.token_embedder_tokens.bert_model.encoder.layer.5.attention.self.key.weight
2019-04-25 21:02:54,121 - INFO - allennlp.training.trainer - word_embeddings.token_embedder_tokens.bert_model.encoder.layer.5.attention.self.key.bias
2019-04-25 21:02:54,121 - INFO - allennlp.training.trainer - word_embeddings.token_embedder_tokens.bert_model.encoder.layer.5.attention.self.value.weight
2019-04-25 21:02:54,121 - INFO - allennlp.training.trainer - word_embeddings.token_embedder_tokens.bert_model.encoder.layer.5.attention.self.value.bias
2019-04-25 21:02:54,121 - INFO - allennlp.training.trainer - word_embeddings.token_embedder_tokens.bert_model.encoder.layer.5.attention.output.dense.weight
2019-04-25 21:02:54,121 - INFO - allennlp.training.trainer - word_embeddings.token_embedder_tokens.bert_model.encoder.layer.5.attention.output.dense.bias
2019-04-25 21:02:54,122 - INFO - allennlp.training.trainer - word_embeddings.token_embedder_tokens.bert_model.encoder.layer.5.attention.output.LayerNorm.weight
2019-04-25 21:02:54,122 - INFO - allennlp.training.trainer - word_embeddings.token_embedder_tokens.bert_model.encoder.layer.5.attention.output.LayerNorm.bias
2019-04-25 21:02:54,122 - INFO - allennlp.training.trainer - word_embeddings.token_embedder_tokens.bert_model.encoder.layer.5.intermediate.dense.weight
2019-04-25 21:02:54,122 - INFO - allennlp.training.trainer - word_embeddings.token_embedder_tokens.bert_model.encoder.layer.5.intermediate.dense.bias
2019-04-25 21:02:54,122 - INFO - allennlp.training.trainer - word_embeddings.token_embedder_tokens.bert_model.encoder.layer.5.output.dense.weight
2019-04-25 21:02:54,122 - INFO - allennlp.training.trainer - word_embeddings.token_embedder_tokens.bert_model.encoder.layer.5.output.dense.bias
2019-04-25 21:02:54,122 - INFO - allennlp.training.trainer - word_embeddings.token_embedder_tokens.bert_model.encoder.layer.5.output.LayerNorm.weight
2019-04-25 21:02:54,122 - INFO - allennlp.training.trainer - word_embeddings.token_embedder_tokens.bert_model.encoder.layer.5.output.LayerNorm.bias
2019-04-25 21:02:54,122 - INFO - allennlp.training.trainer - word_embeddings.token_embedder_tokens.bert_model.encoder.layer.6.attention.self.query.weight
2019-04-25 21:02:54,122 - INFO - allennlp.training.trainer - word_embeddings.token_embedder_tokens.bert_model.encoder.layer.6.attention.self.query.bias
2019-04-25 21:02:54,122 - INFO - allennlp.training.trainer - word_embeddings.token_embedder_tokens.bert_model.encoder.layer.6.attention.self.key.weight
2019-04-25 21:02:54,122 - INFO - allennlp.training.trainer - word_embeddings.token_embedder_tokens.bert_model.encoder.layer.6.attention.self.key.bias
2019-04-25 21:02:54,122 - INFO - allennlp.training.trainer - word_embeddings.token_embedder_tokens.bert_model.encoder.layer.6.attention.self.value.weight
2019-04-25 21:02:54,122 - INFO - allennlp.training.trainer - word_embeddings.token_embedder_tokens.bert_model.encoder.layer.6.attention.self.value.bias
2019-04-25 21:02:54,122 - INFO - allennlp.training.trainer - word_embeddings.token_embedder_tokens.bert_model.encoder.layer.6.attention.output.dense.weight
2019-04-25 21:02:54,122 - INFO - allennlp.training.trainer - word_embeddings.token_embedder_tokens.bert_model.encoder.layer.6.attention.output.dense.bias
2019-04-25 21:02:54,122 - INFO - allennlp.training.trainer - word_embeddings.token_embedder_tokens.bert_model.encoder.layer.6.attention.output.LayerNorm.weight
2019-04-25 21:02:54,122 - INFO - allennlp.training.trainer - word_embeddings.token_embedder_tokens.bert_model.encoder.layer.6.attention.output.LayerNorm.bias
2019-04-25 21:02:54,123 - INFO - allennlp.training.trainer - word_embeddings.token_embedder_tokens.bert_model.encoder.layer.6.intermediate.dense.weight
2019-04-25 21:02:54,123 - INFO - allennlp.training.trainer - word_embeddings.token_embedder_tokens.bert_model.encoder.layer.6.intermediate.dense.bias
2019-04-25 21:02:54,123 - INFO - allennlp.training.trainer - word_embeddings.token_embedder_tokens.bert_model.encoder.layer.6.output.dense.weight
2019-04-25 21:02:54,123 - INFO - allennlp.training.trainer - word_embeddings.token_embedder_tokens.bert_model.encoder.layer.6.output.dense.bias
2019-04-25 21:02:54,123 - INFO - allennlp.training.trainer - word_embeddings.token_embedder_tokens.bert_model.encoder.layer.6.output.LayerNorm.weight
2019-04-25 21:02:54,123 - INFO - allennlp.training.trainer - word_embeddings.token_embedder_tokens.bert_model.encoder.layer.6.output.LayerNorm.bias
2019-04-25 21:02:54,123 - INFO - allennlp.training.trainer - word_embeddings.token_embedder_tokens.bert_model.encoder.layer.7.attention.self.query.weight
2019-04-25 21:02:54,123 - INFO - allennlp.training.trainer - word_embeddings.token_embedder_tokens.bert_model.encoder.layer.7.attention.self.query.bias
2019-04-25 21:02:54,123 - INFO - allennlp.training.trainer - word_embeddings.token_embedder_tokens.bert_model.encoder.layer.7.attention.self.key.weight
2019-04-25 21:02:54,123 - INFO - allennlp.training.trainer - word_embeddings.token_embedder_tokens.bert_model.encoder.layer.7.attention.self.key.bias
2019-04-25 21:02:54,123 - INFO - allennlp.training.trainer - word_embeddings.token_embedder_tokens.bert_model.encoder.layer.7.attention.self.value.weight
2019-04-25 21:02:54,123 - INFO - allennlp.training.trainer - word_embeddings.token_embedder_tokens.bert_model.encoder.layer.7.attention.self.value.bias
2019-04-25 21:02:54,123 - INFO - allennlp.training.trainer - word_embeddings.token_embedder_tokens.bert_model.encoder.layer.7.attention.output.dense.weight
2019-04-25 21:02:54,123 - INFO - allennlp.training.trainer - word_embeddings.token_embedder_tokens.bert_model.encoder.layer.7.attention.output.dense.bias
2019-04-25 21:02:54,123 - INFO - allennlp.training.trainer - word_embeddings.token_embedder_tokens.bert_model.encoder.layer.7.attention.output.LayerNorm.weight
2019-04-25 21:02:54,123 - INFO - allennlp.training.trainer - word_embeddings.token_embedder_tokens.bert_model.encoder.layer.7.attention.output.LayerNorm.bias
2019-04-25 21:02:54,123 - INFO - allennlp.training.trainer - word_embeddings.token_embedder_tokens.bert_model.encoder.layer.7.intermediate.dense.weight
2019-04-25 21:02:54,123 - INFO - allennlp.training.trainer - word_embeddings.token_embedder_tokens.bert_model.encoder.layer.7.intermediate.dense.bias
2019-04-25 21:02:54,123 - INFO - allennlp.training.trainer - word_embeddings.token_embedder_tokens.bert_model.encoder.layer.7.output.dense.weight
2019-04-25 21:02:54,124 - INFO - allennlp.training.trainer - word_embeddings.token_embedder_tokens.bert_model.encoder.layer.7.output.dense.bias
2019-04-25 21:02:54,124 - INFO - allennlp.training.trainer - word_embeddings.token_embedder_tokens.bert_model.encoder.layer.7.output.LayerNorm.weight
2019-04-25 21:02:54,124 - INFO - allennlp.training.trainer - word_embeddings.token_embedder_tokens.bert_model.encoder.layer.7.output.LayerNorm.bias
2019-04-25 21:02:54,124 - INFO - allennlp.training.trainer - word_embeddings.token_embedder_tokens.bert_model.encoder.layer.8.attention.self.query.weight
2019-04-25 21:02:54,124 - INFO - allennlp.training.trainer - word_embeddings.token_embedder_tokens.bert_model.encoder.layer.8.attention.self.query.bias
2019-04-25 21:02:54,124 - INFO - allennlp.training.trainer - word_embeddings.token_embedder_tokens.bert_model.encoder.layer.8.attention.self.key.weight
2019-04-25 21:02:54,124 - INFO - allennlp.training.trainer - word_embeddings.token_embedder_tokens.bert_model.encoder.layer.8.attention.self.key.bias
2019-04-25 21:02:54,124 - INFO - allennlp.training.trainer - word_embeddings.token_embedder_tokens.bert_model.encoder.layer.8.attention.self.value.weight
2019-04-25 21:02:54,124 - INFO - allennlp.training.trainer - word_embeddings.token_embedder_tokens.bert_model.encoder.layer.8.attention.self.value.bias
2019-04-25 21:02:54,124 - INFO - allennlp.training.trainer - word_embeddings.token_embedder_tokens.bert_model.encoder.layer.8.attention.output.dense.weight
2019-04-25 21:02:54,124 - INFO - allennlp.training.trainer - word_embeddings.token_embedder_tokens.bert_model.encoder.layer.8.attention.output.dense.bias
2019-04-25 21:02:54,124 - INFO - allennlp.training.trainer - word_embeddings.token_embedder_tokens.bert_model.encoder.layer.8.attention.output.LayerNorm.weight
2019-04-25 21:02:54,124 - INFO - allennlp.training.trainer - word_embeddings.token_embedder_tokens.bert_model.encoder.layer.8.attention.output.LayerNorm.bias
2019-04-25 21:02:54,124 - INFO - allennlp.training.trainer - word_embeddings.token_embedder_tokens.bert_model.encoder.layer.8.intermediate.dense.weight
2019-04-25 21:02:54,124 - INFO - allennlp.training.trainer - word_embeddings.token_embedder_tokens.bert_model.encoder.layer.8.intermediate.dense.bias
2019-04-25 21:02:54,124 - INFO - allennlp.training.trainer - word_embeddings.token_embedder_tokens.bert_model.encoder.layer.8.output.dense.weight
2019-04-25 21:02:54,124 - INFO - allennlp.training.trainer - word_embeddings.token_embedder_tokens.bert_model.encoder.layer.8.output.dense.bias
2019-04-25 21:02:54,124 - INFO - allennlp.training.trainer - word_embeddings.token_embedder_tokens.bert_model.encoder.layer.8.output.LayerNorm.weight
2019-04-25 21:02:54,124 - INFO - allennlp.training.trainer - word_embeddings.token_embedder_tokens.bert_model.encoder.layer.8.output.LayerNorm.bias
2019-04-25 21:02:54,125 - INFO - allennlp.training.trainer - word_embeddings.token_embedder_tokens.bert_model.encoder.layer.9.attention.self.query.weight
2019-04-25 21:02:54,125 - INFO - allennlp.training.trainer - word_embeddings.token_embedder_tokens.bert_model.encoder.layer.9.attention.self.query.bias
2019-04-25 21:02:54,125 - INFO - allennlp.training.trainer - word_embeddings.token_embedder_tokens.bert_model.encoder.layer.9.attention.self.key.weight
2019-04-25 21:02:54,125 - INFO - allennlp.training.trainer - word_embeddings.token_embedder_tokens.bert_model.encoder.layer.9.attention.self.key.bias
2019-04-25 21:02:54,125 - INFO - allennlp.training.trainer - word_embeddings.token_embedder_tokens.bert_model.encoder.layer.9.attention.self.value.weight
2019-04-25 21:02:54,125 - INFO - allennlp.training.trainer - word_embeddings.token_embedder_tokens.bert_model.encoder.layer.9.attention.self.value.bias
2019-04-25 21:02:54,125 - INFO - allennlp.training.trainer - word_embeddings.token_embedder_tokens.bert_model.encoder.layer.9.attention.output.dense.weight
2019-04-25 21:02:54,125 - INFO - allennlp.training.trainer - word_embeddings.token_embedder_tokens.bert_model.encoder.layer.9.attention.output.dense.bias
2019-04-25 21:02:54,125 - INFO - allennlp.training.trainer - word_embeddings.token_embedder_tokens.bert_model.encoder.layer.9.attention.output.LayerNorm.weight
2019-04-25 21:02:54,125 - INFO - allennlp.training.trainer - word_embeddings.token_embedder_tokens.bert_model.encoder.layer.9.attention.output.LayerNorm.bias
2019-04-25 21:02:54,125 - INFO - allennlp.training.trainer - word_embeddings.token_embedder_tokens.bert_model.encoder.layer.9.intermediate.dense.weight
2019-04-25 21:02:54,125 - INFO - allennlp.training.trainer - word_embeddings.token_embedder_tokens.bert_model.encoder.layer.9.intermediate.dense.bias
2019-04-25 21:02:54,125 - INFO - allennlp.training.trainer - word_embeddings.token_embedder_tokens.bert_model.encoder.layer.9.output.dense.weight
2019-04-25 21:02:54,125 - INFO - allennlp.training.trainer - word_embeddings.token_embedder_tokens.bert_model.encoder.layer.9.output.dense.bias
2019-04-25 21:02:54,125 - INFO - allennlp.training.trainer - word_embeddings.token_embedder_tokens.bert_model.encoder.layer.9.output.LayerNorm.weight
2019-04-25 21:02:54,125 - INFO - allennlp.training.trainer - word_embeddings.token_embedder_tokens.bert_model.encoder.layer.9.output.LayerNorm.bias
2019-04-25 21:02:54,125 - INFO - allennlp.training.trainer - word_embeddings.token_embedder_tokens.bert_model.encoder.layer.10.attention.self.query.weight
2019-04-25 21:02:54,125 - INFO - allennlp.training.trainer - word_embeddings.token_embedder_tokens.bert_model.encoder.layer.10.attention.self.query.bias
2019-04-25 21:02:54,126 - INFO - allennlp.training.trainer - word_embeddings.token_embedder_tokens.bert_model.encoder.layer.10.attention.self.key.weight
2019-04-25 21:02:54,126 - INFO - allennlp.training.trainer - word_embeddings.token_embedder_tokens.bert_model.encoder.layer.10.attention.self.key.bias
2019-04-25 21:02:54,126 - INFO - allennlp.training.trainer - word_embeddings.token_embedder_tokens.bert_model.encoder.layer.10.attention.self.value.weight
2019-04-25 21:02:54,126 - INFO - allennlp.training.trainer - word_embeddings.token_embedder_tokens.bert_model.encoder.layer.10.attention.self.value.bias
2019-04-25 21:02:54,126 - INFO - allennlp.training.trainer - word_embeddings.token_embedder_tokens.bert_model.encoder.layer.10.attention.output.dense.weight
2019-04-25 21:02:54,126 - INFO - allennlp.training.trainer - word_embeddings.token_embedder_tokens.bert_model.encoder.layer.10.attention.output.dense.bias
2019-04-25 21:02:54,126 - INFO - allennlp.training.trainer - word_embeddings.token_embedder_tokens.bert_model.encoder.layer.10.attention.output.LayerNorm.weight
2019-04-25 21:02:54,126 - INFO - allennlp.training.trainer - word_embeddings.token_embedder_tokens.bert_model.encoder.layer.10.attention.output.LayerNorm.bias
2019-04-25 21:02:54,126 - INFO - allennlp.training.trainer - word_embeddings.token_embedder_tokens.bert_model.encoder.layer.10.intermediate.dense.weight
2019-04-25 21:02:54,126 - INFO - allennlp.training.trainer - word_embeddings.token_embedder_tokens.bert_model.encoder.layer.10.intermediate.dense.bias
2019-04-25 21:02:54,126 - INFO - allennlp.training.trainer - word_embeddings.token_embedder_tokens.bert_model.encoder.layer.10.output.dense.weight
2019-04-25 21:02:54,126 - INFO - allennlp.training.trainer - word_embeddings.token_embedder_tokens.bert_model.encoder.layer.10.output.dense.bias
2019-04-25 21:02:54,126 - INFO - allennlp.training.trainer - word_embeddings.token_embedder_tokens.bert_model.encoder.layer.10.output.LayerNorm.weight
2019-04-25 21:02:54,126 - INFO - allennlp.training.trainer - word_embeddings.token_embedder_tokens.bert_model.encoder.layer.10.output.LayerNorm.bias
2019-04-25 21:02:54,126 - INFO - allennlp.training.trainer - word_embeddings.token_embedder_tokens.bert_model.encoder.layer.11.attention.self.query.weight
2019-04-25 21:02:54,126 - INFO - allennlp.training.trainer - word_embeddings.token_embedder_tokens.bert_model.encoder.layer.11.attention.self.query.bias
2019-04-25 21:02:54,126 - INFO - allennlp.training.trainer - word_embeddings.token_embedder_tokens.bert_model.encoder.layer.11.attention.self.key.weight
2019-04-25 21:02:54,126 - INFO - allennlp.training.trainer - word_embeddings.token_embedder_tokens.bert_model.encoder.layer.11.attention.self.key.bias
2019-04-25 21:02:54,127 - INFO - allennlp.training.trainer - word_embeddings.token_embedder_tokens.bert_model.encoder.layer.11.attention.self.value.weight
2019-04-25 21:02:54,127 - INFO - allennlp.training.trainer - word_embeddings.token_embedder_tokens.bert_model.encoder.layer.11.attention.self.value.bias
2019-04-25 21:02:54,127 - INFO - allennlp.training.trainer - word_embeddings.token_embedder_tokens.bert_model.encoder.layer.11.attention.output.dense.weight
2019-04-25 21:02:54,127 - INFO - allennlp.training.trainer - word_embeddings.token_embedder_tokens.bert_model.encoder.layer.11.attention.output.dense.bias
2019-04-25 21:02:54,127 - INFO - allennlp.training.trainer - word_embeddings.token_embedder_tokens.bert_model.encoder.layer.11.attention.output.LayerNorm.weight
2019-04-25 21:02:54,127 - INFO - allennlp.training.trainer - word_embeddings.token_embedder_tokens.bert_model.encoder.layer.11.attention.output.LayerNorm.bias
2019-04-25 21:02:54,127 - INFO - allennlp.training.trainer - word_embeddings.token_embedder_tokens.bert_model.encoder.layer.11.intermediate.dense.weight
2019-04-25 21:02:54,127 - INFO - allennlp.training.trainer - word_embeddings.token_embedder_tokens.bert_model.encoder.layer.11.intermediate.dense.bias
2019-04-25 21:02:54,127 - INFO - allennlp.training.trainer - word_embeddings.token_embedder_tokens.bert_model.encoder.layer.11.output.dense.weight
2019-04-25 21:02:54,127 - INFO - allennlp.training.trainer - word_embeddings.token_embedder_tokens.bert_model.encoder.layer.11.output.dense.bias
2019-04-25 21:02:54,127 - INFO - allennlp.training.trainer - word_embeddings.token_embedder_tokens.bert_model.encoder.layer.11.output.LayerNorm.weight
2019-04-25 21:02:54,127 - INFO - allennlp.training.trainer - word_embeddings.token_embedder_tokens.bert_model.encoder.layer.11.output.LayerNorm.bias
2019-04-25 21:02:54,127 - INFO - allennlp.training.trainer - word_embeddings.token_embedder_tokens.bert_model.pooler.dense.weight
2019-04-25 21:02:54,127 - INFO - allennlp.training.trainer - word_embeddings.token_embedder_tokens.bert_model.pooler.dense.bias
2019-04-25 21:02:54,127 - INFO - allennlp.training.trainer - Following parameters are Tunable (with gradient):
2019-04-25 21:02:54,127 - INFO - allennlp.training.trainer - word_embeddings.token_embedder_tokens._scalar_mix.gamma
2019-04-25 21:02:54,127 - INFO - allennlp.training.trainer - word_embeddings.token_embedder_tokens._scalar_mix.scalar_parameters.0
2019-04-25 21:02:54,127 - INFO - allennlp.training.trainer - word_embeddings.token_embedder_tokens._scalar_mix.scalar_parameters.1
2019-04-25 21:02:54,128 - INFO - allennlp.training.trainer - word_embeddings.token_embedder_tokens._scalar_mix.scalar_parameters.2
2019-04-25 21:02:54,128 - INFO - allennlp.training.trainer - word_embeddings.token_embedder_tokens._scalar_mix.scalar_parameters.3
2019-04-25 21:02:54,128 - INFO - allennlp.training.trainer - word_embeddings.token_embedder_tokens._scalar_mix.scalar_parameters.4
2019-04-25 21:02:54,128 - INFO - allennlp.training.trainer - word_embeddings.token_embedder_tokens._scalar_mix.scalar_parameters.5
2019-04-25 21:02:54,128 - INFO - allennlp.training.trainer - word_embeddings.token_embedder_tokens._scalar_mix.scalar_parameters.6
2019-04-25 21:02:54,128 - INFO - allennlp.training.trainer - word_embeddings.token_embedder_tokens._scalar_mix.scalar_parameters.7
2019-04-25 21:02:54,128 - INFO - allennlp.training.trainer - word_embeddings.token_embedder_tokens._scalar_mix.scalar_parameters.8
2019-04-25 21:02:54,128 - INFO - allennlp.training.trainer - word_embeddings.token_embedder_tokens._scalar_mix.scalar_parameters.9
2019-04-25 21:02:54,128 - INFO - allennlp.training.trainer - word_embeddings.token_embedder_tokens._scalar_mix.scalar_parameters.10
2019-04-25 21:02:54,128 - INFO - allennlp.training.trainer - word_embeddings.token_embedder_tokens._scalar_mix.scalar_parameters.11
2019-04-25 21:02:54,128 - INFO - allennlp.training.trainer - encoder._module.weight_ih_l0
2019-04-25 21:02:54,128 - INFO - allennlp.training.trainer - encoder._module.weight_hh_l0
2019-04-25 21:02:54,128 - INFO - allennlp.training.trainer - encoder._module.bias_ih_l0
2019-04-25 21:02:54,128 - INFO - allennlp.training.trainer - encoder._module.bias_hh_l0
2019-04-25 21:02:54,128 - INFO - allennlp.training.trainer - linear.weight
2019-04-25 21:02:54,128 - INFO - allennlp.training.trainer - linear.bias
2019-04-25 21:02:54,128 - INFO - allennlp.common.params - trainer.patience = 5
2019-04-25 21:02:54,129 - INFO - allennlp.common.params - trainer.validation_metric = -loss
2019-04-25 21:02:54,129 - INFO - allennlp.common.params - trainer.shuffle = True
2019-04-25 21:02:54,129 - INFO - allennlp.common.params - trainer.num_epochs = 20
2019-04-25 21:02:54,129 - INFO - allennlp.common.params - trainer.cuda_device = -1
2019-04-25 21:02:54,129 - INFO - allennlp.common.params - trainer.grad_norm = None
2019-04-25 21:02:54,129 - INFO - allennlp.common.params - trainer.grad_clipping = None
2019-04-25 21:02:54,129 - INFO - allennlp.common.params - trainer.learning_rate_scheduler = None
2019-04-25 21:02:54,129 - INFO - allennlp.common.params - trainer.momentum_scheduler = None
2019-04-25 21:02:54,130 - INFO - allennlp.common.params - trainer.optimizer = adam
2019-04-25 21:02:54,130 - INFO - allennlp.common.params - parameter_groups = None
2019-04-25 21:02:54,130 - INFO - allennlp.training.optimizers - Number of trainable parameters: 460434
2019-04-25 21:02:54,131 - INFO - allennlp.common.params - infer_type_and_cast = True
2019-04-25 21:02:54,131 - INFO - allennlp.common.params - Converting Params object to dict; logging of default values will not occur when dictionary parameters are used subsequently.
2019-04-25 21:02:54,131 - INFO - allennlp.common.params - CURRENTLY DEFINED PARAMETERS: 
2019-04-25 21:02:54,131 - INFO - allennlp.common.params - trainer.num_serialized_models_to_keep = 20
2019-04-25 21:02:54,131 - INFO - allennlp.common.params - trainer.keep_serialized_model_every_num_seconds = None
2019-04-25 21:02:54,131 - INFO - allennlp.common.params - trainer.model_save_interval = None
2019-04-25 21:02:54,131 - INFO - allennlp.common.params - trainer.summary_interval = 100
2019-04-25 21:02:54,131 - INFO - allennlp.common.params - trainer.histogram_interval = None
2019-04-25 21:02:54,131 - INFO - allennlp.common.params - trainer.should_log_parameter_statistics = True
2019-04-25 21:02:54,132 - INFO - allennlp.common.params - trainer.should_log_learning_rate = False
2019-04-25 21:02:54,132 - INFO - allennlp.common.params - trainer.log_batch_size_period = None
2019-04-25 21:02:54,179 - INFO - allennlp.training.trainer - Beginning training.
2019-04-25 21:02:54,179 - INFO - allennlp.training.trainer - Epoch 0/19
2019-04-25 21:02:54,179 - INFO - allennlp.training.trainer - Peak CPU memory usage MB: 1201.776
2019-04-25 21:02:54,219 - INFO - allennlp.training.trainer - Training
2019-04-25 21:09:04,653 - INFO - allennlp.training.trainer - Validating
2019-04-25 21:09:43,321 - INFO - allennlp.training.tensorboard_writer -                   Training |  Validation
2019-04-25 21:09:43,335 - INFO - allennlp.training.tensorboard_writer - recall        |     0.119  |     0.129
2019-04-25 21:09:43,336 - INFO - allennlp.training.tensorboard_writer - f1_measure    |     0.187  |     0.213
2019-04-25 21:09:43,336 - INFO - allennlp.training.tensorboard_writer - cpu_memory_MB |  1201.776  |       N/A
2019-04-25 21:09:43,336 - INFO - allennlp.training.tensorboard_writer - loss          |     1.320  |     1.216
2019-04-25 21:09:43,336 - INFO - allennlp.training.tensorboard_writer - precision     |     0.430  |     0.600
2019-04-25 21:09:43,336 - INFO - allennlp.training.tensorboard_writer - accuracy      |     0.415  |     0.475
2019-04-25 21:09:43,603 - INFO - allennlp.training.checkpointer - Best validation performance so far. Copying weights to 'serialization/best.th'.
2019-04-25 21:09:43,996 - INFO - allennlp.training.trainer - Epoch duration: 00:06:49
2019-04-25 21:09:43,997 - INFO - allennlp.training.trainer - Estimated training time remaining: 2:09:46
2019-04-25 21:09:43,997 - INFO - allennlp.training.trainer - Epoch 1/19
2019-04-25 21:09:43,997 - INFO - allennlp.training.trainer - Peak CPU memory usage MB: 1378.524
2019-04-25 21:09:44,039 - INFO - allennlp.training.trainer - Training
2019-04-25 21:15:32,403 - INFO - allennlp.training.trainer - Validating
2019-04-25 21:16:23,300 - INFO - allennlp.training.tensorboard_writer -                   Training |  Validation
2019-04-25 21:16:23,301 - INFO - allennlp.training.tensorboard_writer - recall        |     0.315  |     0.360
2019-04-25 21:16:23,302 - INFO - allennlp.training.tensorboard_writer - f1_measure    |     0.400  |     0.424
2019-04-25 21:16:23,303 - INFO - allennlp.training.tensorboard_writer - cpu_memory_MB |  1378.524  |       N/A
2019-04-25 21:16:23,305 - INFO - allennlp.training.tensorboard_writer - loss          |     1.131  |     1.161
2019-04-25 21:16:23,305 - INFO - allennlp.training.tensorboard_writer - precision     |     0.547  |     0.515
2019-04-25 21:16:23,306 - INFO - allennlp.training.tensorboard_writer - accuracy      |     0.508  |     0.497
2019-04-25 21:16:23,618 - INFO - allennlp.training.checkpointer - Best validation performance so far. Copying weights to 'serialization/best.th'.
2019-04-25 21:16:26,444 - INFO - allennlp.training.trainer - Epoch duration: 00:06:42
2019-04-25 21:16:26,444 - INFO - allennlp.training.trainer - Estimated training time remaining: 2:01:50
2019-04-25 21:16:26,444 - INFO - allennlp.training.trainer - Epoch 2/19
2019-04-25 21:16:26,445 - INFO - allennlp.training.trainer - Peak CPU memory usage MB: 1435.228
2019-04-25 21:16:26,520 - INFO - allennlp.training.trainer - Training
2019-04-25 21:23:35,635 - INFO - allennlp.training.trainer - Validating
2019-04-25 21:24:18,249 - INFO - allennlp.training.tensorboard_writer -                   Training |  Validation
2019-04-25 21:24:18,249 - INFO - allennlp.training.tensorboard_writer - recall        |     0.418  |     0.554
2019-04-25 21:24:18,250 - INFO - allennlp.training.tensorboard_writer - f1_measure    |     0.498  |     0.467
2019-04-25 21:24:18,250 - INFO - allennlp.training.tensorboard_writer - cpu_memory_MB |  1435.228  |       N/A
2019-04-25 21:24:18,250 - INFO - allennlp.training.tensorboard_writer - loss          |     1.006  |     1.254
2019-04-25 21:24:18,251 - INFO - allennlp.training.tensorboard_writer - precision     |     0.618  |     0.403
2019-04-25 21:24:18,251 - INFO - allennlp.training.tensorboard_writer - accuracy      |     0.570  |     0.431
2019-04-25 21:24:18,516 - INFO - allennlp.training.trainer - Epoch duration: 00:07:52
2019-04-25 21:24:18,517 - INFO - allennlp.training.trainer - Estimated training time remaining: 2:01:17
2019-04-25 21:24:18,517 - INFO - allennlp.training.trainer - Epoch 3/19
2019-04-25 21:24:18,517 - INFO - allennlp.training.trainer - Peak CPU memory usage MB: 1435.228
2019-04-25 21:24:18,559 - INFO - allennlp.training.trainer - Training
2019-04-25 21:30:45,876 - INFO - allennlp.training.trainer - Validating
2019-04-25 21:31:29,422 - INFO - allennlp.training.tensorboard_writer -                   Training |  Validation
2019-04-25 21:31:29,423 - INFO - allennlp.training.tensorboard_writer - recall        |     0.574  |     0.345
2019-04-25 21:31:29,423 - INFO - allennlp.training.tensorboard_writer - f1_measure    |     0.627  |     0.412
2019-04-25 21:31:29,424 - INFO - allennlp.training.tensorboard_writer - cpu_memory_MB |  1435.228  |       N/A
2019-04-25 21:31:29,424 - INFO - allennlp.training.tensorboard_writer - loss          |     0.837  |     1.331
2019-04-25 21:31:29,425 - INFO - allennlp.training.tensorboard_writer - precision     |     0.691  |     0.511
2019-04-25 21:31:29,425 - INFO - allennlp.training.tensorboard_writer - accuracy      |     0.649  |     0.466
2019-04-25 21:31:29,688 - INFO - allennlp.training.trainer - Epoch duration: 00:07:11
2019-04-25 21:31:29,689 - INFO - allennlp.training.trainer - Estimated training time remaining: 1:54:22
2019-04-25 21:31:29,689 - INFO - allennlp.training.trainer - Epoch 4/19
2019-04-25 21:31:29,689 - INFO - allennlp.training.trainer - Peak CPU memory usage MB: 1435.228
2019-04-25 21:31:29,729 - INFO - allennlp.training.trainer - Training
2019-04-25 21:38:06,383 - INFO - allennlp.training.trainer - Validating
2019-04-25 21:38:50,829 - INFO - allennlp.training.tensorboard_writer -                   Training |  Validation
2019-04-25 21:38:50,829 - INFO - allennlp.training.tensorboard_writer - recall        |     0.691  |     0.324
2019-04-25 21:38:50,830 - INFO - allennlp.training.tensorboard_writer - f1_measure    |     0.732  |     0.375
2019-04-25 21:38:50,831 - INFO - allennlp.training.tensorboard_writer - cpu_memory_MB |  1435.228  |       N/A
2019-04-25 21:38:50,831 - INFO - allennlp.training.tensorboard_writer - loss          |     0.640  |     1.328
2019-04-25 21:38:50,831 - INFO - allennlp.training.tensorboard_writer - precision     |     0.778  |     0.446
2019-04-25 21:38:50,832 - INFO - allennlp.training.tensorboard_writer - accuracy      |     0.750  |     0.450
2019-04-25 21:38:51,110 - INFO - allennlp.training.trainer - Epoch duration: 00:07:21
2019-04-25 21:38:51,110 - INFO - allennlp.training.trainer - Estimated training time remaining: 1:47:50
2019-04-25 21:38:51,110 - INFO - allennlp.training.trainer - Epoch 5/19
2019-04-25 21:38:51,110 - INFO - allennlp.training.trainer - Peak CPU memory usage MB: 1435.228
2019-04-25 21:38:51,153 - INFO - allennlp.training.trainer - Training
2019-04-25 21:46:53,595 - INFO - allennlp.training.trainer - Validating
2019-04-25 21:47:37,096 - INFO - allennlp.training.tensorboard_writer -                   Training |  Validation
2019-04-25 21:47:37,097 - INFO - allennlp.training.tensorboard_writer - recall        |     0.852  |     0.273
2019-04-25 21:47:37,098 - INFO - allennlp.training.tensorboard_writer - f1_measure    |     0.865  |     0.352
2019-04-25 21:47:37,099 - INFO - allennlp.training.tensorboard_writer - cpu_memory_MB |  1435.228  |       N/A
2019-04-25 21:47:37,099 - INFO - allennlp.training.tensorboard_writer - loss          |     0.417  |     1.638
2019-04-25 21:47:37,099 - INFO - allennlp.training.tensorboard_writer - precision     |     0.878  |     0.494
2019-04-25 21:47:37,100 - INFO - allennlp.training.tensorboard_writer - accuracy      |     0.855  |     0.458
2019-04-25 21:47:37,456 - INFO - allennlp.training.trainer - Epoch duration: 00:08:46
2019-04-25 21:47:37,456 - INFO - allennlp.training.trainer - Estimated training time remaining: 1:44:20
2019-04-25 21:47:37,456 - INFO - allennlp.training.trainer - Epoch 6/19
2019-04-25 21:47:37,456 - INFO - allennlp.training.trainer - Peak CPU memory usage MB: 1442.332
2019-04-25 21:47:37,497 - INFO - allennlp.training.trainer - Training
2019-04-25 21:55:38,024 - INFO - allennlp.training.trainer - Validating
2019-04-25 21:56:47,047 - INFO - allennlp.training.trainer - Ran out of patience.  Stopping training.
2019-04-25 21:56:47,047 - INFO - allennlp.training.checkpointer - loading best weights
